This is pdfTeX, Version 3.141592653-2.6-1.40.26 (TeX Live 2024/Arch Linux) (preloaded format=pdflatex 2024.12.11)  20 DEC 2024 18:13
entering extended mode
 \write18 enabled.
 file:line:error style messages enabled.
 %&-line parsing enabled.
**/home/mrab/Desktop/storage/dhbw/NichtHaskell4.0/documentation/SeminarBeispiel.tex
(/home/mrab/Desktop/storage/dhbw/NichtHaskell4.0/documentation/SeminarBeispiel.tex
LaTeX2e <2023-11-01> patch level 1
L3 programming layer <2024-02-20>
(./seminarvorlage.cls (/usr/share/texmf-dist/tex/latex/graphics/epsfig.sty
Package: epsfig 2017/06/25 v1.7b (e)psfig emulation (SPQR)
 (/usr/share/texmf-dist/tex/latex/graphics/graphicx.sty
Package: graphicx 2021/09/16 v1.2d Enhanced LaTeX Graphics (DPC,SPQR)
 (/usr/share/texmf-dist/tex/latex/graphics/keyval.sty
Package: keyval 2022/05/29 v1.15 key=value parser (DPC)
\KV@toks@=\toks17
) (/usr/share/texmf-dist/tex/latex/graphics/graphics.sty
Package: graphics 2022/03/10 v1.4e Standard LaTeX Graphics (DPC,SPQR)
 (/usr/share/texmf-dist/tex/latex/graphics/trig.sty
Package: trig 2021/08/11 v1.11 sin cos tan (DPC)
) (/usr/share/texmf-dist/tex/latex/graphics-cfg/graphics.cfg
File: graphics.cfg 2016/06/04 v1.11 sample graphics configuration
)
Package graphics Info: Driver file: pdftex.def on input line 107.
 (/usr/share/texmf-dist/tex/latex/graphics-def/pdftex.def
File: pdftex.def 2022/09/22 v1.2b Graphics/color driver for pdftex
))
\Gin@req@height=\dimen140
\Gin@req@width=\dimen141
)
\epsfxsize=\dimen142
\epsfysize=\dimen143
) (/usr/share/texmf-dist/tex/latex/amsfonts/amssymb.sty
Package: amssymb 2013/01/14 v3.01 AMS font symbols
 (/usr/share/texmf-dist/tex/latex/amsfonts/amsfonts.sty
Package: amsfonts 2013/01/14 v3.01 Basic AMSFonts support
\@emptytoks=\toks18
\symAMSa=\mathgroup4
\symAMSb=\mathgroup5
LaTeX Font Info:    Redeclaring math symbol \hbar on input line 98.
LaTeX Font Info:    Overwriting math alphabet `\mathfrak' in version `bold'
(Font)                  U/euf/m/n --> U/euf/b/n on input line 106.
)) (/usr/share/texmf-dist/tex/latex/amsmath/amsmath.sty
Package: amsmath 2023/05/13 v2.17o AMS math features
\@mathmargin=\skip48

For additional information on amsmath, use the `?' option.
(/usr/share/texmf-dist/tex/latex/amsmath/amstext.sty
Package: amstext 2021/08/26 v2.01 AMS text
 (/usr/share/texmf-dist/tex/latex/amsmath/amsgen.sty
File: amsgen.sty 1999/11/30 v2.0 generic functions
\@emptytoks=\toks19
\ex@=\dimen144
)) (/usr/share/texmf-dist/tex/latex/amsmath/amsbsy.sty
Package: amsbsy 1999/11/29 v1.2d Bold Symbols
\pmbraise@=\dimen145
) (/usr/share/texmf-dist/tex/latex/amsmath/amsopn.sty
Package: amsopn 2022/04/08 v2.04 operator names
)
\inf@bad=\count188
LaTeX Info: Redefining \frac on input line 234.
\uproot@=\count189
\leftroot@=\count190
LaTeX Info: Redefining \overline on input line 399.
LaTeX Info: Redefining \colon on input line 410.
\classnum@=\count191
\DOTSCASE@=\count192
LaTeX Info: Redefining \ldots on input line 496.
LaTeX Info: Redefining \dots on input line 499.
LaTeX Info: Redefining \cdots on input line 620.
\Mathstrutbox@=\box51
\strutbox@=\box52
LaTeX Info: Redefining \big on input line 722.
LaTeX Info: Redefining \Big on input line 723.
LaTeX Info: Redefining \bigg on input line 724.
LaTeX Info: Redefining \Bigg on input line 725.
\big@size=\dimen146
LaTeX Font Info:    Redeclaring font encoding OML on input line 743.
LaTeX Font Info:    Redeclaring font encoding OMS on input line 744.
\macc@depth=\count193
LaTeX Info: Redefining \bmod on input line 905.
LaTeX Info: Redefining \pmod on input line 910.
LaTeX Info: Redefining \smash on input line 940.
LaTeX Info: Redefining \relbar on input line 970.
LaTeX Info: Redefining \Relbar on input line 971.
\c@MaxMatrixCols=\count194
\dotsspace@=\muskip16
\c@parentequation=\count195
\dspbrk@lvl=\count196
\tag@help=\toks20
\row@=\count197
\column@=\count198
\maxfields@=\count199
\andhelp@=\toks21
\eqnshift@=\dimen147
\alignsep@=\dimen148
\tagshift@=\dimen149
\tagwidth@=\dimen150
\totwidth@=\dimen151
\lineht@=\dimen152
\@envbody=\toks22
\multlinegap=\skip49
\multlinetaggap=\skip50
\mathdisplay@stack=\toks23
LaTeX Info: Redefining \[ on input line 2953.
LaTeX Info: Redefining \] on input line 2954.
) (/usr/share/texmf-dist/tex/latex/float/float.sty
Package: float 2001/11/08 v1.3d Float enhancements (AL)
\c@float@type=\count266
\float@exts=\toks24
\float@box=\box53
\@float@everytoks=\toks25
\@floatcapt=\box54
)
Abstammungsgeschichte von seminarvorlage.cls Version 2020:
fixes for babel and natbib from `acm_proc_article-sp' <22nd. April '09> V3.2SP
`chi2011' <October 19, 2010>. Tweaked by Manas Tungare.
`chiproceedings' <7th Sep. '00>. Modified by Jan O. Borchers
`acm_proc_article-sp' <2nd. October '02>. Modified by G.K.M. Tobin
`acmconf' <22 May 89>. Hacked 4/91 by shivers@cs.cmu.edu, 4/93 by theobald@cs.mcgill.ca
Excerpts were taken from (Journal Style) 'esub2acm.cls'.
\footheight=\dimen153
\@maxsep=\dimen154
\@dblmaxsep=\dimen155
\aucount=\count267
\originalaucount=\count268
\auwidth=\dimen156
\auskip=\dimen157
\auskipcount=\count269
\auskip=\dimen158
\allauboxes=\dimen159
\addauthors=\toks26
\addauflag=\count270
\subtitletext=\toks27
\savesection=\count271
\sectioncntr=\count272
\c@figure=\count273
\c@table=\count274
\titleboxnotes=\toks28
\titleboxnoteflag=\count275
Document Class: seminarvorlage 2012/04/15
(/usr/share/texmf-dist/tex/latex/base/latexsym.sty
Package: latexsym 1998/08/17 v2.2e Standard LaTeX package (lasy symbols)
\symlasy=\mathgroup6
LaTeX Font Info:    Overwriting symbol font `lasy' in version `bold'
(Font)                  U/lasy/m/n --> U/lasy/b/n on input line 52.
)
\@acmtitlebox=\box55
\titlenotecount=\count276
\tntoks=\toks29
\tntokstwo=\toks30
\tntoksthree=\toks31
\tntoksfour=\toks32
\tntoksfive=\toks33
\catcount=\count277
\c@part=\count278
\c@section=\count279
\c@subsection=\count280
\c@subsubsection=\count281
\c@paragraph=\count282

Using 'Abbrev' bibliography style
\bibindent=\dimen160
\colcntr=\count283
\savebox=\box56
\copyrtyr=\toks34
\acmcopyr=\toks35
\boilerplate=\toks36
\copyrightetc=\toks37
(/usr/share/texmf-dist/tex/latex/psnfss/times.sty
Package: times 2020/03/25 PSNFSS-v9.3 (SPQR) 
) (/usr/share/texmf-dist/tex/latex/graphics/color.sty
Package: color 2022/01/06 v1.3d Standard LaTeX Color (DPC)
 (/usr/share/texmf-dist/tex/latex/graphics-cfg/color.cfg
File: color.cfg 2016/01/02 v1.6 sample color configuration
)
Package color Info: Driver file: pdftex.def on input line 149.
 (/usr/share/texmf-dist/tex/latex/graphics/mathcolor.ltx)) (/usr/share/texmf-dist/tex/latex/hyperref/hyperref.sty
Package: hyperref 2024-01-20 v7.01h Hypertext links for LaTeX
 (/usr/share/texmf-dist/tex/generic/iftex/iftex.sty
Package: iftex 2022/02/03 v1.0f TeX engine tests
) (/usr/share/texmf-dist/tex/latex/kvsetkeys/kvsetkeys.sty
Package: kvsetkeys 2022-10-05 v1.19 Key value parser (HO)
) (/usr/share/texmf-dist/tex/generic/kvdefinekeys/kvdefinekeys.sty
Package: kvdefinekeys 2019-12-19 v1.6 Define keys (HO)
) (/usr/share/texmf-dist/tex/generic/pdfescape/pdfescape.sty
Package: pdfescape 2019/12/09 v1.15 Implements pdfTeX's escape features (HO)
 (/usr/share/texmf-dist/tex/generic/ltxcmds/ltxcmds.sty
Package: ltxcmds 2023-12-04 v1.26 LaTeX kernel commands for general use (HO)
) (/usr/share/texmf-dist/tex/generic/pdftexcmds/pdftexcmds.sty
Package: pdftexcmds 2020-06-27 v0.33 Utility functions of pdfTeX for LuaTeX (HO)
 (/usr/share/texmf-dist/tex/generic/infwarerr/infwarerr.sty
Package: infwarerr 2019/12/03 v1.5 Providing info/warning/error messages (HO)
)
Package pdftexcmds Info: \pdf@primitive is available.
Package pdftexcmds Info: \pdf@ifprimitive is available.
Package pdftexcmds Info: \pdfdraftmode found.
)) (/usr/share/texmf-dist/tex/latex/hycolor/hycolor.sty
Package: hycolor 2020-01-27 v1.10 Color options for hyperref/bookmark (HO)
) (/usr/share/texmf-dist/tex/latex/auxhook/auxhook.sty
Package: auxhook 2019-12-17 v1.6 Hooks for auxiliary files (HO)
) (/usr/share/texmf-dist/tex/latex/hyperref/nameref.sty
Package: nameref 2023-11-26 v2.56 Cross-referencing by name of section
 (/usr/share/texmf-dist/tex/latex/refcount/refcount.sty
Package: refcount 2019/12/15 v3.6 Data extraction from label references (HO)
) (/usr/share/texmf-dist/tex/generic/gettitlestring/gettitlestring.sty
Package: gettitlestring 2019/12/15 v1.6 Cleanup title references (HO)
 (/usr/share/texmf-dist/tex/latex/kvoptions/kvoptions.sty
Package: kvoptions 2022-06-15 v3.15 Key value format for package options (HO)
))
\c@section@level=\count284
) (/usr/share/texmf-dist/tex/latex/etoolbox/etoolbox.sty
Package: etoolbox 2020/10/05 v2.5k e-TeX tools for LaTeX (JAW)
\etb@tempcnta=\count285
)
\@linkdim=\dimen161
\Hy@linkcounter=\count286
\Hy@pagecounter=\count287
 (/usr/share/texmf-dist/tex/latex/hyperref/pd1enc.def
File: pd1enc.def 2024-01-20 v7.01h Hyperref: PDFDocEncoding definition (HO)
Now handling font encoding PD1 ...
... no UTF-8 mapping file for font encoding PD1
) (/usr/share/texmf-dist/tex/generic/intcalc/intcalc.sty
Package: intcalc 2019/12/15 v1.3 Expandable calculations with integers (HO)
)
\Hy@SavedSpaceFactor=\count288
 (/usr/share/texmf-dist/tex/latex/hyperref/puenc.def
File: puenc.def 2024-01-20 v7.01h Hyperref: PDF Unicode definition (HO)
Now handling font encoding PU ...
... no UTF-8 mapping file for font encoding PU
)
Package hyperref Info: Option `pdfpagelabels' set `false' on input line 4062.
Package hyperref Info: Hyper figures OFF on input line 4179.
Package hyperref Info: Link nesting OFF on input line 4184.
Package hyperref Info: Hyper index ON on input line 4187.
Package hyperref Info: Plain pages OFF on input line 4194.
Package hyperref Info: Backreferencing OFF on input line 4199.
Package hyperref Info: Implicit mode ON; LaTeX internals redefined.
Package hyperref Info: Bookmarks ON on input line 4446.
\c@Hy@tempcnt=\count289
 (/usr/share/texmf-dist/tex/latex/url/url.sty
\Urlmuskip=\muskip17
Package: url 2013/09/16  ver 3.4  Verb mode for urls, etc.
)
LaTeX Info: Redefining \url on input line 4784.
\XeTeXLinkMargin=\dimen162
 (/usr/share/texmf-dist/tex/generic/bitset/bitset.sty
Package: bitset 2019/12/09 v1.3 Handle bit-vector datatype (HO)
 (/usr/share/texmf-dist/tex/generic/bigintcalc/bigintcalc.sty
Package: bigintcalc 2019/12/15 v1.5 Expandable calculations on big integers (HO)
))
\Fld@menulength=\count290
\Field@Width=\dimen163
\Fld@charsize=\dimen164
Package hyperref Info: Hyper figures OFF on input line 6063.
Package hyperref Info: Link nesting OFF on input line 6068.
Package hyperref Info: Hyper index ON on input line 6071.
Package hyperref Info: backreferencing OFF on input line 6078.
Package hyperref Info: Link coloring OFF on input line 6083.
Package hyperref Info: Link coloring with OCG OFF on input line 6088.
Package hyperref Info: PDF/A mode OFF on input line 6093.
 (/usr/share/texmf-dist/tex/latex/base/atbegshi-ltx.sty
Package: atbegshi-ltx 2021/01/10 v1.0c Emulation of the original atbegshi
package with kernel methods
)
\c@Item=\count291
\c@Hfootnote=\count292
)
Package hyperref Info: Driver: hpdftex.
 (/usr/share/texmf-dist/tex/latex/hyperref/hpdftex.def
File: hpdftex.def 2024-01-20 v7.01h Hyperref driver for pdfTeX
\Fld@listcount=\count293
\c@bookmark@seq@number=\count294
 (/usr/share/texmf-dist/tex/latex/rerunfilecheck/rerunfilecheck.sty
Package: rerunfilecheck 2022-07-10 v1.10 Rerun checks for auxiliary files (HO)
 (/usr/share/texmf-dist/tex/latex/base/atveryend-ltx.sty
Package: atveryend-ltx 2020/08/19 v1.0a Emulation of the original atveryend package
with kernel methods
) (/usr/share/texmf-dist/tex/generic/uniquecounter/uniquecounter.sty
Package: uniquecounter 2019/12/15 v1.4 Provide unlimited unique counter (HO)
)
Package uniquecounter Info: New unique counter `rerunfilecheck' on input line 285.
)
\Hy@SectionHShift=\skip51
)
Package hyperref Info: Option `bookmarksnumbered' set `true' on input line 1424.
Package hyperref Info: Option `colorlinks' set `true' on input line 1424.
Package hyperref Info: Option `breaklinks' set `true' on input line 1424.
) (/usr/share/texmf-dist/tex/generic/babel/babel.sty
Package: babel 2024/02/07 v24.2 The Babel package
\babel@savecnt=\count295
\U@D=\dimen165
\l@unhyphenated=\language10
 (/usr/share/texmf-dist/tex/generic/babel/txtbabel.def)
\bbl@readstream=\read2
\bbl@dirlevel=\count296
 (/usr/share/texmf-dist/tex/generic/babel-german/ngerman.ldf
Language: ngerman 2024/01/19 v2.14 German support for babel (post-1996 orthography)
 (/usr/share/texmf-dist/tex/generic/babel-german/ngermanb.ldf
Language: ngermanb 2024/01/19 v2.14 German support for babel (post-1996 orthography)
Package babel Info: Making " an active character on input line 122.
))) (/usr/share/texmf-dist/tex/generic/babel/locale/de/babel-ngerman.tex
Package babel Info: Importing font and identification data for ngerman
(babel)             from babel-de.ini. Reported on input line 11.
) (/usr/share/texmf-dist/tex/latex/base/inputenc.sty
Package: inputenc 2021/02/14 v1.3d Input encoding file
\inpenc@prehook=\toks38
\inpenc@posthook=\toks39
) (/usr/share/texmf-dist/tex/latex/base/fontenc.sty
Package: fontenc 2021/04/29 v2.0v Standard LaTeX package
LaTeX Font Info:    Trying to load font information for T1+ptm on input line 112.
 (/usr/share/texmf-dist/tex/latex/psnfss/t1ptm.fd
File: t1ptm.fd 2001/06/04 font definitions for T1/ptm.
)) (/usr/share/texmf-dist/tex/latex/cleveref/cleveref.sty
Package: cleveref 2018/03/27 v0.21.4 Intelligent cross-referencing
Package cleveref Info: `hyperref' support loaded on input line 2370.
LaTeX Info: Redefining \cref on input line 2370.
LaTeX Info: Redefining \Cref on input line 2370.
LaTeX Info: Redefining \crefrange on input line 2370.
LaTeX Info: Redefining \Crefrange on input line 2370.
LaTeX Info: Redefining \cpageref on input line 2370.
LaTeX Info: Redefining \Cpageref on input line 2370.
LaTeX Info: Redefining \cpagerefrange on input line 2370.
LaTeX Info: Redefining \Cpagerefrange on input line 2370.
LaTeX Info: Redefining \labelcref on input line 2370.
LaTeX Info: Redefining \labelcpageref on input line 2370.
) (/usr/share/texmf-dist/tex/latex/embrac/embrac.sty (/usr/share/texmf-dist/tex/latex/l3kernel/expl3.sty
Package: expl3 2024-02-20 L3 programming layer (loader) 
 (/usr/share/texmf-dist/tex/latex/l3backend/l3backend-pdftex.def
File: l3backend-pdftex.def 2024-02-20 L3 backend support: PDF output (pdfTeX)
\l__color_backend_stack_int=\count297
\l__pdf_internal_box=\box57
)) (/usr/share/texmf-dist/tex/latex/l3packages/xparse/xparse.sty
Package: xparse 2024-02-18 L3 Experimental document command parser
) (/usr/share/texmf-dist/tex/latex/l3packages/l3keys2e/l3keys2e.sty
Package: l3keys2e 2024-02-18 LaTeX2e option processing using LaTeX3 keys
)
Package: embrac 2021/02/20 v0.9a Upright Brackets in Emphasized Text
\l__embrac_penalty_int=\count298

Package embrac Info: Patching \emph...


Package embrac Info: Patching \textit...


Package embrac Info: Patching \textsl...

) (output/SeminarBeispiel.aux)
\openout1 = `SeminarBeispiel.aux'.

LaTeX Font Info:    Checking defaults for OML/cmm/m/it on input line 15.
LaTeX Font Info:    ... okay on input line 15.
LaTeX Font Info:    Checking defaults for OMS/cmsy/m/n on input line 15.
LaTeX Font Info:    ... okay on input line 15.
LaTeX Font Info:    Checking defaults for OT1/cmr/m/n on input line 15.
LaTeX Font Info:    ... okay on input line 15.
LaTeX Font Info:    Checking defaults for T1/cmr/m/n on input line 15.
LaTeX Font Info:    ... okay on input line 15.
LaTeX Font Info:    Checking defaults for TS1/cmr/m/n on input line 15.
LaTeX Font Info:    ... okay on input line 15.
LaTeX Font Info:    Checking defaults for OMX/cmex/m/n on input line 15.
LaTeX Font Info:    ... okay on input line 15.
LaTeX Font Info:    Checking defaults for U/cmr/m/n on input line 15.
LaTeX Font Info:    ... okay on input line 15.
LaTeX Font Info:    Checking defaults for PD1/pdf/m/n on input line 15.
LaTeX Font Info:    ... okay on input line 15.
LaTeX Font Info:    Checking defaults for PU/pdf/m/n on input line 15.
LaTeX Font Info:    ... okay on input line 15.
 (/usr/share/texmf-dist/tex/context/base/mkii/supp-pdf.mkii
[Loading MPS to PDF converter (version 2006.09.02).]
\scratchcounter=\count299
\scratchdimen=\dimen166
\scratchbox=\box58
\nofMPsegments=\count300
\nofMParguments=\count301
\everyMPshowfont=\toks40
\MPscratchCnt=\count302
\MPscratchDim=\dimen167
\MPnumerator=\count303
\makeMPintoPDFobject=\count304
\everyMPtoPDFconversion=\toks41
) (/usr/share/texmf-dist/tex/latex/epstopdf-pkg/epstopdf-base.sty
Package: epstopdf-base 2020-01-24 v2.11 Base part for package epstopdf
Package epstopdf-base Info: Redefining graphics rule for `.eps' on input line 485.
 (/usr/share/texmf-dist/tex/latex/latexconfig/epstopdf-sys.cfg
File: epstopdf-sys.cfg 2010/07/13 v1.3 Configuration of (r)epstopdf for TeX Live
))
Package hyperref Info: Link coloring ON on input line 15.
 (output/SeminarBeispiel.out) (output/SeminarBeispiel.out)
\@outlinefile=\write3
\openout3 = `SeminarBeispiel.out'.

LaTeX Font Info:    Trying to load font information for U+msa on input line 29.
 (/usr/share/texmf-dist/tex/latex/amsfonts/umsa.fd
File: umsa.fd 2013/01/14 v3.01 AMS symbols A
)
LaTeX Font Info:    Trying to load font information for U+msb on input line 29.
 (/usr/share/texmf-dist/tex/latex/amsfonts/umsb.fd
File: umsb.fd 2013/01/14 v3.01 AMS symbols B
)
LaTeX Font Info:    Trying to load font information for U+lasy on input line 29.
 (/usr/share/texmf-dist/tex/latex/base/ulasy.fd
File: ulasy.fd 1998/08/17 v2.2e LaTeX symbol font definitions
) [1{/var/lib/texmf/fonts/map/pdftex/updmap/pdftex.map}{/usr/share/texmf-dist/fonts/enc/dvips/base/8r.enc}


Non-PDF special ignored!
<special> papersize=210mm,297mm

]
LaTeX Font Info:    Trying to load font information for T1+pcr on input line 82.
 (/usr/share/texmf-dist/tex/latex/psnfss/t1pcr.fd
File: t1pcr.fd 2001/06/04 font definitions for T1/pcr.
)

LaTeX Warning: Citation `berger2015introduction' on page 2 undefined on input line 98.


Underfull \hbox (badness 1259) in paragraph at lines 98--99
\T1/ptm/m/n/10 die Gleich-ver-tei-lung an-ge-nom-men, da sie ei-ne brei-te
 []


Overfull \hbox (14.562pt too wide) in paragraph at lines 102--118
 [][] 
 []


Underfull \vbox (badness 10000) has occurred while \output is active []

 [2]

LaTeX Warning: Citation `10.1145/944579.944589' on page 3 undefined on input line 143.


Underfull \hbox (badness 1824) in paragraph at lines 142--144
\T1/ptm/m/n/10 der Se-ria-li-sie-rungs-ver-fah-ren in un-ter-schied-li-chen Pro-
 []


LaTeX Warning: Citation `10.1145/944579.944589' on page 3 undefined on input line 151.


LaTeX Warning: Citation `6215346' on page 3 undefined on input line 151.


LaTeX Warning: Citation `10.1145/944579.944589' on page 3 undefined on input line 151.


LaTeX Warning: Citation `vanura2018perfomance' on page 3 undefined on input line 151.


Underfull \hbox (badness 2326) in paragraph at lines 151--152
[]\T1/ptm/m/n/10 Metriken wie Se-ria-li-sie-rungs-zeit, De-se-ria-li-sie-rungs-zeit
 []


Underfull \vbox (badness 10000) has occurred while \output is active []

 [3]

LaTeX Warning: Citation `rfc8259' on page 4 undefined on input line 161.


LaTeX Warning: Citation `w3c_xml' on page 4 undefined on input line 163.


LaTeX Warning: Citation `protobuf' on page 4 undefined on input line 165.


LaTeX Warning: Citation `msgpack' on page 4 undefined on input line 167.


LaTeX Warning: Citation `rfc8259' on page 4 undefined on input line 171.


LaTeX Warning: Citation `msgpack' on page 4 undefined on input line 174.


LaTeX Warning: Citation `w3c_xml' on page 4 undefined on input line 177.


LaTeX Warning: Citation `protobuf' on page 4 undefined on input line 180.


Underfull \vbox (badness 10000) has occurred while \output is active []

 [4]
<images/codegen_code.png, id=157, 991.705pt x 457.71pt>
File: images/codegen_code.png Graphic file (type png)
<use images/codegen_code.png>
Package pdftex.def Info: images/codegen_code.png  used on input line 226.
(pdftex.def)             Requested size: 243.60645pt x 112.42976pt.

Overfull \hbox (12.0pt too wide) in paragraph at lines 226--227
 [][] 
 []


Underfull \vbox (badness 2245) has occurred while \output is active []

 [5 <./images/codegen_code.png>]
Overfull \hbox (8.93187pt too wide) in paragraph at lines 262--270
 [][] 
 []


Underfull \hbox (badness 1087) in paragraph at lines 288--289
\T1/ptm/m/n/10 als pro-ble-ma-tisch. Bei ei-ni-gen Da-ten-sät-zen, wie dem
 []

[6]
Overfull \hbox (8.93187pt too wide) in paragraph at lines 321--329
 [][] 
 []


LaTeX Warning: Citation `serde' on page 7 undefined on input line 335.


Underfull \hbox (badness 2922) in paragraph at lines 335--336
[]\T1/ptm/m/n/10 Die Im-ple-men-tie-rung ge-schieht mit Hil-fe des weit-
 []

<images/graphs/python_dataset_flat_intlist_8MB_json_combined_times.png, id=173, 722.7pt x 433.62pt>
File: images/graphs/python_dataset_flat_intlist_8MB_json_combined_times.png Graphic file (type png)
<use images/graphs/python_dataset_flat_intlist_8MB_json_combined_times.png>
Package pdftex.def Info: images/graphs/python_dataset_flat_intlist_8MB_json_combined_times.png  used on input line 351.
(pdftex.def)             Requested size: 243.60645pt x 146.1651pt.

Overfull \hbox (12.0pt too wide) in paragraph at lines 351--352
 [][] 
 []

<images/graphs/rust_dataset_flat_intlist_8MB_json_combined_times.png, id=174, 722.7pt x 433.62pt>
File: images/graphs/rust_dataset_flat_intlist_8MB_json_combined_times.png Graphic file (type png)
<use images/graphs/rust_dataset_flat_intlist_8MB_json_combined_times.png>
Package pdftex.def Info: images/graphs/rust_dataset_flat_intlist_8MB_json_combined_times.png  used on input line 358.
(pdftex.def)             Requested size: 243.60645pt x 146.1651pt.

Overfull \hbox (12.0pt too wide) in paragraph at lines 358--359
 [][] 
 []


LaTeX Warning: `h' float specifier changed to `ht'.

[7 <./images/graphs/python_dataset_flat_intlist_8MB_json_combined_times.png>]
Underfull \hbox (badness 1635) in paragraph at lines 365--366
\T1/ptm/m/n/10 vor. Dies wird da-durch be-grün-det, dass die Python-
 []


LaTeX Warning: Citation `10.1145/944579.944589' on page 8 undefined on input line 367.


LaTeX Warning: Citation `10.1145/944579.944589' on page 8 undefined on input line 367.


Underfull \hbox (badness 3108) in paragraph at lines 367--368
[]\T1/ptm/m/n/10 XML sticht in bei-den Im-ple-men-tie-run-gen als lang-
 []

<images/graphs/python_dataset_flat_intlist_256MB_json_combined_times.png, id=186, 722.7pt x 433.62pt>
File: images/graphs/python_dataset_flat_intlist_256MB_json_combined_times.png Graphic file (type png)
<use images/graphs/python_dataset_flat_intlist_256MB_json_combined_times.png>
Package pdftex.def Info: images/graphs/python_dataset_flat_intlist_256MB_json_combined_times.png  used on input line 371.
(pdftex.def)             Requested size: 243.60645pt x 146.1651pt.

Overfull \hbox (12.0pt too wide) in paragraph at lines 371--372
 [][] 
 []

<images/graphs/rust_dataset_flat_intlist_256MB_json_combined_times.png, id=187, 722.7pt x 433.62pt>
File: images/graphs/rust_dataset_flat_intlist_256MB_json_combined_times.png Graphic file (type png)
<use images/graphs/rust_dataset_flat_intlist_256MB_json_combined_times.png>
Package pdftex.def Info: images/graphs/rust_dataset_flat_intlist_256MB_json_combined_times.png  used on input line 378.
(pdftex.def)             Requested size: 243.60645pt x 146.1651pt.

Overfull \hbox (12.0pt too wide) in paragraph at lines 378--379
 [][] 
 []


LaTeX Warning: `h' float specifier changed to `ht'.


LaTeX Warning: Citation `10.1145/944579.944589' on page 8 undefined on input line 383.


Underfull \hbox (badness 1178) in paragraph at lines 383--384
\T1/ptm/m/n/10 ÿe-ren Da-ten-sät-zen mit je-weils 256MB an Nutz-da-ten.
 []

<images/graphs/python_dataset_int_tree_small_json_combined_times.png, id=190, 722.7pt x 433.62pt>
File: images/graphs/python_dataset_int_tree_small_json_combined_times.png Graphic file (type png)
<use images/graphs/python_dataset_int_tree_small_json_combined_times.png>
Package pdftex.def Info: images/graphs/python_dataset_int_tree_small_json_combined_times.png  used on input line 387.
(pdftex.def)             Requested size: 243.60645pt x 146.1651pt.

Overfull \hbox (12.0pt too wide) in paragraph at lines 387--388
 [][] 
 []


Underfull \hbox (badness 1442) in paragraph at lines 388--388
[]\T1/ptm/b/n/8 Abbildung 6. []Serialisierungs- und De-se-ria-li-sie-rungs-zeit In-te-ger-
 []

<images/graphs/rust_dataset_int_tree_small_json_combined_times.png, id=191, 722.7pt x 433.62pt>
File: images/graphs/rust_dataset_int_tree_small_json_combined_times.png Graphic file (type png)
<use images/graphs/rust_dataset_int_tree_small_json_combined_times.png>
Package pdftex.def Info: images/graphs/rust_dataset_int_tree_small_json_combined_times.png  used on input line 394.
(pdftex.def)             Requested size: 243.60645pt x 146.1651pt.

Overfull \hbox (12.0pt too wide) in paragraph at lines 394--395
 [][] 
 []


Underfull \hbox (badness 1442) in paragraph at lines 395--395
[]\T1/ptm/b/n/8 Abbildung 7. []Serialisierungs- und De-se-ria-li-sie-rungs-zeit In-te-ger-
 []


LaTeX Warning: `h' float specifier changed to `ht'.

[8 <./images/graphs/rust_dataset_flat_intlist_8MB_json_combined_times.png> <./images/graphs/python_dataset_flat_intlist_256MB_json_combined_times.png> <./images/graphs/rust_dataset_flat_intlist_256MB_json_combined_times.png> <./images/graphs/python_dataset_int_tree_small_json_combined_times.png>]
<images/graphs/combined_compression_ratios.png, id=208, 1011.78pt x 578.16pt>
File: images/graphs/combined_compression_ratios.png Graphic file (type png)
<use images/graphs/combined_compression_ratios.png>
Package pdftex.def Info: images/graphs/combined_compression_ratios.png  used on input line 413.
(pdftex.def)             Requested size: 487.2129pt x 278.41348pt.
 [9 <./images/graphs/rust_dataset_int_tree_small_json_combined_times.png>]
Underfull \hbox (badness 3679) in paragraph at lines 444--445
[]\T1/ptm/m/n/10 Wenn man auf die ein-zel-nen Se-ria-li-sie-rungs-for-ma-te
 []

[10 <./images/graphs/combined_compression_ratios.png>]
Underfull \hbox (badness 4726) in paragraph at lines 454--455
[]\T1/ptm/m/n/10 XML und Pro-to-buf hin-ge-gen er-for-dern einen grö-
 []


Underfull \hbox (badness 6125) in paragraph at lines 454--455
\T1/ptm/m/n/10 ÿe-ren Im-ple-men-tie-rungs-auf-wand. Bei XML müs-sen
 []


LaTeX Warning: Citation `ProgrammerAL_SerializationBenchmarks' on page 11 undefined on input line 470.


LaTeX Warning: Citation `Nate10_2024' on page 11 undefined on input line 473.


LaTeX Warning: Citation `Pommerenig_2019' on page 11 undefined on input line 476.


LaTeX Warning: Citation `10.1145/944579.944589' on page 11 undefined on input line 481.


LaTeX Warning: Citation `bebop_serialization' on page 11 undefined on input line 483.

[11]
No file SeminarBeispiel.bbl.
(output/SeminarBeispiel.aux
Package cleveref Info: loaded `ngerman' language definitions on input line 8.
)
 ***********
LaTeX2e <2023-11-01> patch level 1
L3 programming layer <2024-02-20>
 ***********
Package rerunfilecheck Info: File `SeminarBeispiel.out' has not changed.
(rerunfilecheck)             Checksum: 4C67A2CE7E41A47DF86B5537A1797197;5213.
 ) 
Here is how much of TeX's memory you used:
 13295 strings out of 476023
 220769 string characters out of 5791581
 1952187 words of memory out of 5000000
 35172 multiletter control sequences out of 15000+600000
 607303 words of font info for 80 fonts, out of 8000000 for 9000
 14 hyphenation exceptions out of 8191
 90i,11n,93p,1627b,432s stack positions out of 10000i,1000n,20000p,200000b,200000s
</usr/share/texmf-dist/fonts/type1/public/amsfonts/cm/cmex10.pfb></usr/share/texmf-dist/fonts/type1/public/amsfonts/cm/cmmi10.pfb></usr/share/texmf-dist/fonts/type1/public/amsfonts/cm/cmmi7.pfb></usr/share/texmf-dist/fonts/type1/public/amsfonts/cm/cmr10.pfb></usr/share/texmf-dist/fonts/type1/public/amsfonts/cm/cmr7.pfb></usr/share/texmf-dist/fonts/type1/public/amsfonts/cm/cmsy10.pfb></usr/share/texmf-dist/fonts/type1/urw/courier/ucrr8a.pfb></usr/share/texmf-dist/fonts/type1/urw/helvetic/uhvb8a.pfb></usr/share/texmf-dist/fonts/type1/urw/helvetic/uhvro8a.pfb></usr/share/texmf-dist/fonts/type1/urw/times/utmb8a.pfb></usr/share/texmf-dist/fonts/type1/urw/times/utmr8a.pfb></usr/share/texmf-dist/fonts/type1/urw/times/utmri8a.pfb>
Output written on output/SeminarBeispiel.pdf (11 pages, 415344 bytes).
PDF statistics:
 293 PDF objects out of 1000 (max. 8388607)
 237 compressed objects within 3 object streams
 59 named destinations out of 1000 (max. 500000)
 281 words of extra memory for PDF output out of 10000 (max. 10000000)

