This is pdfTeX, Version 3.141592653-2.6-1.40.26 (TeX Live 2024/Arch Linux) (preloaded format=pdflatex 2024.12.3)  3 DEC 2024 11:13
entering extended mode
 restricted \write18 enabled.
 file:line:error style messages enabled.
 %&-line parsing enabled.
**/home/mrab/Desktop/storage/dhbw/swe/NichtHaskell4.0/documentation/SeminarBeispiel.tex
(/home/mrab/Desktop/storage/dhbw/swe/NichtHaskell4.0/documentation/SeminarBeispiel.tex
LaTeX2e <2023-11-01> patch level 1
L3 programming layer <2024-02-20>
(./seminarvorlage.cls (/usr/share/texmf-dist/tex/latex/graphics/epsfig.sty
Package: epsfig 2017/06/25 v1.7b (e)psfig emulation (SPQR)
 (/usr/share/texmf-dist/tex/latex/graphics/graphicx.sty
Package: graphicx 2021/09/16 v1.2d Enhanced LaTeX Graphics (DPC,SPQR)
 (/usr/share/texmf-dist/tex/latex/graphics/keyval.sty
Package: keyval 2022/05/29 v1.15 key=value parser (DPC)
\KV@toks@=\toks17
) (/usr/share/texmf-dist/tex/latex/graphics/graphics.sty
Package: graphics 2022/03/10 v1.4e Standard LaTeX Graphics (DPC,SPQR)
 (/usr/share/texmf-dist/tex/latex/graphics/trig.sty
Package: trig 2021/08/11 v1.11 sin cos tan (DPC)
) (/usr/share/texmf-dist/tex/latex/graphics-cfg/graphics.cfg
File: graphics.cfg 2016/06/04 v1.11 sample graphics configuration
)
Package graphics Info: Driver file: pdftex.def on input line 107.
 (/usr/share/texmf-dist/tex/latex/graphics-def/pdftex.def
File: pdftex.def 2022/09/22 v1.2b Graphics/color driver for pdftex
))
\Gin@req@height=\dimen140
\Gin@req@width=\dimen141
)
\epsfxsize=\dimen142
\epsfysize=\dimen143
) (/usr/share/texmf-dist/tex/latex/amsfonts/amssymb.sty
Package: amssymb 2013/01/14 v3.01 AMS font symbols
 (/usr/share/texmf-dist/tex/latex/amsfonts/amsfonts.sty
Package: amsfonts 2013/01/14 v3.01 Basic AMSFonts support
\@emptytoks=\toks18
\symAMSa=\mathgroup4
\symAMSb=\mathgroup5
LaTeX Font Info:    Redeclaring math symbol \hbar on input line 98.
LaTeX Font Info:    Overwriting math alphabet `\mathfrak' in version `bold'
(Font)                  U/euf/m/n --> U/euf/b/n on input line 106.
)) (/usr/share/texmf-dist/tex/latex/amsmath/amsmath.sty
Package: amsmath 2023/05/13 v2.17o AMS math features
\@mathmargin=\skip48

For additional information on amsmath, use the `?' option.
(/usr/share/texmf-dist/tex/latex/amsmath/amstext.sty
Package: amstext 2021/08/26 v2.01 AMS text
 (/usr/share/texmf-dist/tex/latex/amsmath/amsgen.sty
File: amsgen.sty 1999/11/30 v2.0 generic functions
\@emptytoks=\toks19
\ex@=\dimen144
)) (/usr/share/texmf-dist/tex/latex/amsmath/amsbsy.sty
Package: amsbsy 1999/11/29 v1.2d Bold Symbols
\pmbraise@=\dimen145
) (/usr/share/texmf-dist/tex/latex/amsmath/amsopn.sty
Package: amsopn 2022/04/08 v2.04 operator names
)
\inf@bad=\count188
LaTeX Info: Redefining \frac on input line 234.
\uproot@=\count189
\leftroot@=\count190
LaTeX Info: Redefining \overline on input line 399.
LaTeX Info: Redefining \colon on input line 410.
\classnum@=\count191
\DOTSCASE@=\count192
LaTeX Info: Redefining \ldots on input line 496.
LaTeX Info: Redefining \dots on input line 499.
LaTeX Info: Redefining \cdots on input line 620.
\Mathstrutbox@=\box51
\strutbox@=\box52
LaTeX Info: Redefining \big on input line 722.
LaTeX Info: Redefining \Big on input line 723.
LaTeX Info: Redefining \bigg on input line 724.
LaTeX Info: Redefining \Bigg on input line 725.
\big@size=\dimen146
LaTeX Font Info:    Redeclaring font encoding OML on input line 743.
LaTeX Font Info:    Redeclaring font encoding OMS on input line 744.
\macc@depth=\count193
LaTeX Info: Redefining \bmod on input line 905.
LaTeX Info: Redefining \pmod on input line 910.
LaTeX Info: Redefining \smash on input line 940.
LaTeX Info: Redefining \relbar on input line 970.
LaTeX Info: Redefining \Relbar on input line 971.
\c@MaxMatrixCols=\count194
\dotsspace@=\muskip16
\c@parentequation=\count195
\dspbrk@lvl=\count196
\tag@help=\toks20
\row@=\count197
\column@=\count198
\maxfields@=\count199
\andhelp@=\toks21
\eqnshift@=\dimen147
\alignsep@=\dimen148
\tagshift@=\dimen149
\tagwidth@=\dimen150
\totwidth@=\dimen151
\lineht@=\dimen152
\@envbody=\toks22
\multlinegap=\skip49
\multlinetaggap=\skip50
\mathdisplay@stack=\toks23
LaTeX Info: Redefining \[ on input line 2953.
LaTeX Info: Redefining \] on input line 2954.
)
Abstammungsgeschichte von seminarvorlage.cls Version 2020:
fixes for babel and natbib from `acm_proc_article-sp' <22nd. April '09> V3.2SP
`chi2011' <October 19, 2010>. Tweaked by Manas Tungare.
`chiproceedings' <7th Sep. '00>. Modified by Jan O. Borchers
`acm_proc_article-sp' <2nd. October '02>. Modified by G.K.M. Tobin
`acmconf' <22 May 89>. Hacked 4/91 by shivers@cs.cmu.edu, 4/93 by theobald@cs.mcgill.ca
Excerpts were taken from (Journal Style) 'esub2acm.cls'.
\footheight=\dimen153
\@maxsep=\dimen154
\@dblmaxsep=\dimen155
\aucount=\count266
\originalaucount=\count267
\auwidth=\dimen156
\auskip=\dimen157
\auskipcount=\count268
\auskip=\dimen158
\allauboxes=\dimen159
\addauthors=\toks24
\addauflag=\count269
\subtitletext=\toks25
\savesection=\count270
\sectioncntr=\count271
\c@figure=\count272
\c@table=\count273
\titleboxnotes=\toks26
\titleboxnoteflag=\count274
Document Class: seminarvorlage 2012/04/15
(/usr/share/texmf-dist/tex/latex/base/latexsym.sty
Package: latexsym 1998/08/17 v2.2e Standard LaTeX package (lasy symbols)
\symlasy=\mathgroup6
LaTeX Font Info:    Overwriting symbol font `lasy' in version `bold'
(Font)                  U/lasy/m/n --> U/lasy/b/n on input line 52.
)
\@acmtitlebox=\box53
\titlenotecount=\count275
\tntoks=\toks27
\tntokstwo=\toks28
\tntoksthree=\toks29
\tntoksfour=\toks30
\tntoksfive=\toks31
\catcount=\count276
\c@part=\count277
\c@section=\count278
\c@subsection=\count279
\c@subsubsection=\count280
\c@paragraph=\count281

Using 'Abbrev' bibliography style
\bibindent=\dimen160
\colcntr=\count282
\savebox=\box54
\copyrtyr=\toks32
\acmcopyr=\toks33
\boilerplate=\toks34
\copyrightetc=\toks35
(/usr/share/texmf-dist/tex/latex/psnfss/times.sty
Package: times 2020/03/25 PSNFSS-v9.3 (SPQR) 
) (/usr/share/texmf-dist/tex/latex/graphics/color.sty
Package: color 2022/01/06 v1.3d Standard LaTeX Color (DPC)
 (/usr/share/texmf-dist/tex/latex/graphics-cfg/color.cfg
File: color.cfg 2016/01/02 v1.6 sample color configuration
)
Package color Info: Driver file: pdftex.def on input line 149.
 (/usr/share/texmf-dist/tex/latex/graphics/mathcolor.ltx)) (/usr/share/texmf-dist/tex/latex/hyperref/hyperref.sty
Package: hyperref 2024-01-20 v7.01h Hypertext links for LaTeX
 (/usr/share/texmf-dist/tex/generic/iftex/iftex.sty
Package: iftex 2022/02/03 v1.0f TeX engine tests
) (/usr/share/texmf-dist/tex/latex/kvsetkeys/kvsetkeys.sty
Package: kvsetkeys 2022-10-05 v1.19 Key value parser (HO)
) (/usr/share/texmf-dist/tex/generic/kvdefinekeys/kvdefinekeys.sty
Package: kvdefinekeys 2019-12-19 v1.6 Define keys (HO)
) (/usr/share/texmf-dist/tex/generic/pdfescape/pdfescape.sty
Package: pdfescape 2019/12/09 v1.15 Implements pdfTeX's escape features (HO)
 (/usr/share/texmf-dist/tex/generic/ltxcmds/ltxcmds.sty
Package: ltxcmds 2023-12-04 v1.26 LaTeX kernel commands for general use (HO)
) (/usr/share/texmf-dist/tex/generic/pdftexcmds/pdftexcmds.sty
Package: pdftexcmds 2020-06-27 v0.33 Utility functions of pdfTeX for LuaTeX (HO)
 (/usr/share/texmf-dist/tex/generic/infwarerr/infwarerr.sty
Package: infwarerr 2019/12/03 v1.5 Providing info/warning/error messages (HO)
)
Package pdftexcmds Info: \pdf@primitive is available.
Package pdftexcmds Info: \pdf@ifprimitive is available.
Package pdftexcmds Info: \pdfdraftmode found.
)) (/usr/share/texmf-dist/tex/latex/hycolor/hycolor.sty
Package: hycolor 2020-01-27 v1.10 Color options for hyperref/bookmark (HO)
) (/usr/share/texmf-dist/tex/latex/auxhook/auxhook.sty
Package: auxhook 2019-12-17 v1.6 Hooks for auxiliary files (HO)
) (/usr/share/texmf-dist/tex/latex/hyperref/nameref.sty
Package: nameref 2023-11-26 v2.56 Cross-referencing by name of section
 (/usr/share/texmf-dist/tex/latex/refcount/refcount.sty
Package: refcount 2019/12/15 v3.6 Data extraction from label references (HO)
) (/usr/share/texmf-dist/tex/generic/gettitlestring/gettitlestring.sty
Package: gettitlestring 2019/12/15 v1.6 Cleanup title references (HO)
 (/usr/share/texmf-dist/tex/latex/kvoptions/kvoptions.sty
Package: kvoptions 2022-06-15 v3.15 Key value format for package options (HO)
))
\c@section@level=\count283
) (/usr/share/texmf-dist/tex/latex/etoolbox/etoolbox.sty
Package: etoolbox 2020/10/05 v2.5k e-TeX tools for LaTeX (JAW)
\etb@tempcnta=\count284
)
\@linkdim=\dimen161
\Hy@linkcounter=\count285
\Hy@pagecounter=\count286
 (/usr/share/texmf-dist/tex/latex/hyperref/pd1enc.def
File: pd1enc.def 2024-01-20 v7.01h Hyperref: PDFDocEncoding definition (HO)
Now handling font encoding PD1 ...
... no UTF-8 mapping file for font encoding PD1
) (/usr/share/texmf-dist/tex/generic/intcalc/intcalc.sty
Package: intcalc 2019/12/15 v1.3 Expandable calculations with integers (HO)
)
\Hy@SavedSpaceFactor=\count287
 (/usr/share/texmf-dist/tex/latex/hyperref/puenc.def
File: puenc.def 2024-01-20 v7.01h Hyperref: PDF Unicode definition (HO)
Now handling font encoding PU ...
... no UTF-8 mapping file for font encoding PU
)
Package hyperref Info: Option `pdfpagelabels' set `false' on input line 4062.
Package hyperref Info: Hyper figures OFF on input line 4179.
Package hyperref Info: Link nesting OFF on input line 4184.
Package hyperref Info: Hyper index ON on input line 4187.
Package hyperref Info: Plain pages OFF on input line 4194.
Package hyperref Info: Backreferencing OFF on input line 4199.
Package hyperref Info: Implicit mode ON; LaTeX internals redefined.
Package hyperref Info: Bookmarks ON on input line 4446.
\c@Hy@tempcnt=\count288
 (/usr/share/texmf-dist/tex/latex/url/url.sty
\Urlmuskip=\muskip17
Package: url 2013/09/16  ver 3.4  Verb mode for urls, etc.
)
LaTeX Info: Redefining \url on input line 4784.
\XeTeXLinkMargin=\dimen162
 (/usr/share/texmf-dist/tex/generic/bitset/bitset.sty
Package: bitset 2019/12/09 v1.3 Handle bit-vector datatype (HO)
 (/usr/share/texmf-dist/tex/generic/bigintcalc/bigintcalc.sty
Package: bigintcalc 2019/12/15 v1.5 Expandable calculations on big integers (HO)
))
\Fld@menulength=\count289
\Field@Width=\dimen163
\Fld@charsize=\dimen164
Package hyperref Info: Hyper figures OFF on input line 6063.
Package hyperref Info: Link nesting OFF on input line 6068.
Package hyperref Info: Hyper index ON on input line 6071.
Package hyperref Info: backreferencing OFF on input line 6078.
Package hyperref Info: Link coloring OFF on input line 6083.
Package hyperref Info: Link coloring with OCG OFF on input line 6088.
Package hyperref Info: PDF/A mode OFF on input line 6093.
 (/usr/share/texmf-dist/tex/latex/base/atbegshi-ltx.sty
Package: atbegshi-ltx 2021/01/10 v1.0c Emulation of the original atbegshi
package with kernel methods
)
\c@Item=\count290
\c@Hfootnote=\count291
)
Package hyperref Info: Driver: hpdftex.
 (/usr/share/texmf-dist/tex/latex/hyperref/hpdftex.def
File: hpdftex.def 2024-01-20 v7.01h Hyperref driver for pdfTeX
\Fld@listcount=\count292
\c@bookmark@seq@number=\count293
 (/usr/share/texmf-dist/tex/latex/rerunfilecheck/rerunfilecheck.sty
Package: rerunfilecheck 2022-07-10 v1.10 Rerun checks for auxiliary files (HO)
 (/usr/share/texmf-dist/tex/latex/base/atveryend-ltx.sty
Package: atveryend-ltx 2020/08/19 v1.0a Emulation of the original atveryend package
with kernel methods
) (/usr/share/texmf-dist/tex/generic/uniquecounter/uniquecounter.sty
Package: uniquecounter 2019/12/15 v1.4 Provide unlimited unique counter (HO)
)
Package uniquecounter Info: New unique counter `rerunfilecheck' on input line 285.
)
\Hy@SectionHShift=\skip51
)
Package hyperref Info: Option `bookmarksnumbered' set `true' on input line 1423.
Package hyperref Info: Option `colorlinks' set `true' on input line 1423.
Package hyperref Info: Option `breaklinks' set `true' on input line 1423.
) (/usr/share/texmf-dist/tex/generic/babel/babel.sty
Package: babel 2024/02/07 v24.2 The Babel package
\babel@savecnt=\count294
\U@D=\dimen165
\l@unhyphenated=\language5
 (/usr/share/texmf-dist/tex/generic/babel/txtbabel.def)
\bbl@readstream=\read2
\bbl@dirlevel=\count295
Package babel Info: You haven't specified a language as a class or package
(babel)             option. I'll load 'nil'. Reported on input line 4258.
 (/usr/share/texmf-dist/tex/generic/babel/nil.ldf
Language: nil 2024/02/07 v24.2 Nil language
\l@nil=\language6
)) (/usr/share/texmf-dist/tex/latex/base/inputenc.sty
Package: inputenc 2021/02/14 v1.3d Input encoding file
\inpenc@prehook=\toks36
\inpenc@posthook=\toks37
) (/usr/share/texmf-dist/tex/latex/base/fontenc.sty
Package: fontenc 2021/04/29 v2.0v Standard LaTeX package
LaTeX Font Info:    Trying to load font information for T1+ptm on input line 112.
 (/usr/share/texmf-dist/tex/latex/psnfss/t1ptm.fd
File: t1ptm.fd 2001/06/04 font definitions for T1/ptm.
)) (/usr/share/texmf-dist/tex/latex/cleveref/cleveref.sty
Package: cleveref 2018/03/27 v0.21.4 Intelligent cross-referencing
Package cleveref Info: `hyperref' support loaded on input line 2370.
LaTeX Info: Redefining \cref on input line 2370.
LaTeX Info: Redefining \Cref on input line 2370.
LaTeX Info: Redefining \crefrange on input line 2370.
LaTeX Info: Redefining \Crefrange on input line 2370.
LaTeX Info: Redefining \cpageref on input line 2370.
LaTeX Info: Redefining \Cpageref on input line 2370.
LaTeX Info: Redefining \cpagerefrange on input line 2370.
LaTeX Info: Redefining \Cpagerefrange on input line 2370.
LaTeX Info: Redefining \labelcref on input line 2370.
LaTeX Info: Redefining \labelcpageref on input line 2370.
) (/usr/share/texmf-dist/tex/latex/embrac/embrac.sty (/usr/share/texmf-dist/tex/latex/l3kernel/expl3.sty
Package: expl3 2024-02-20 L3 programming layer (loader) 
 (/usr/share/texmf-dist/tex/latex/l3backend/l3backend-pdftex.def
File: l3backend-pdftex.def 2024-02-20 L3 backend support: PDF output (pdfTeX)
\l__color_backend_stack_int=\count296
\l__pdf_internal_box=\box55
)) (/usr/share/texmf-dist/tex/latex/l3packages/xparse/xparse.sty
Package: xparse 2024-02-18 L3 Experimental document command parser
) (/usr/share/texmf-dist/tex/latex/l3packages/l3keys2e/l3keys2e.sty
Package: l3keys2e 2024-02-18 LaTeX2e option processing using LaTeX3 keys
)
Package: embrac 2021/02/20 v0.9a Upright Brackets in Emphasized Text
\l__embrac_penalty_int=\count297

Package embrac Info: Patching \emph...


Package embrac Info: Patching \textit...


Package embrac Info: Patching \textsl...

) (./SeminarBeispiel.aux)
\openout1 = `SeminarBeispiel.aux'.

LaTeX Font Info:    Checking defaults for OML/cmm/m/it on input line 15.
LaTeX Font Info:    ... okay on input line 15.
LaTeX Font Info:    Checking defaults for OMS/cmsy/m/n on input line 15.
LaTeX Font Info:    ... okay on input line 15.
LaTeX Font Info:    Checking defaults for OT1/cmr/m/n on input line 15.
LaTeX Font Info:    ... okay on input line 15.
LaTeX Font Info:    Checking defaults for T1/cmr/m/n on input line 15.
LaTeX Font Info:    ... okay on input line 15.
LaTeX Font Info:    Checking defaults for TS1/cmr/m/n on input line 15.
LaTeX Font Info:    ... okay on input line 15.
LaTeX Font Info:    Checking defaults for OMX/cmex/m/n on input line 15.
LaTeX Font Info:    ... okay on input line 15.
LaTeX Font Info:    Checking defaults for U/cmr/m/n on input line 15.
LaTeX Font Info:    ... okay on input line 15.
LaTeX Font Info:    Checking defaults for PD1/pdf/m/n on input line 15.
LaTeX Font Info:    ... okay on input line 15.
LaTeX Font Info:    Checking defaults for PU/pdf/m/n on input line 15.
LaTeX Font Info:    ... okay on input line 15.
 (/usr/share/texmf-dist/tex/context/base/mkii/supp-pdf.mkii
[Loading MPS to PDF converter (version 2006.09.02).]
\scratchcounter=\count298
\scratchdimen=\dimen166
\scratchbox=\box56
\nofMPsegments=\count299
\nofMParguments=\count300
\everyMPshowfont=\toks38
\MPscratchCnt=\count301
\MPscratchDim=\dimen167
\MPnumerator=\count302
\makeMPintoPDFobject=\count303
\everyMPtoPDFconversion=\toks39
) (/usr/share/texmf-dist/tex/latex/epstopdf-pkg/epstopdf-base.sty
Package: epstopdf-base 2020-01-24 v2.11 Base part for package epstopdf
Package epstopdf-base Info: Redefining graphics rule for `.eps' on input line 485.
 (/usr/share/texmf-dist/tex/latex/latexconfig/epstopdf-sys.cfg
File: epstopdf-sys.cfg 2010/07/13 v1.3 Configuration of (r)epstopdf for TeX Live
))
Package hyperref Info: Link coloring ON on input line 15.
 (./SeminarBeispiel.out) (./SeminarBeispiel.out)
\@outlinefile=\write3
\openout3 = `SeminarBeispiel.out'.

LaTeX Font Info:    Trying to load font information for U+msa on input line 29.
 (/usr/share/texmf-dist/tex/latex/amsfonts/umsa.fd
File: umsa.fd 2013/01/14 v3.01 AMS symbols A
)
LaTeX Font Info:    Trying to load font information for U+msb on input line 29.
 (/usr/share/texmf-dist/tex/latex/amsfonts/umsb.fd
File: umsb.fd 2013/01/14 v3.01 AMS symbols B
)
LaTeX Font Info:    Trying to load font information for U+lasy on input line 29.
 (/usr/share/texmf-dist/tex/latex/base/ulasy.fd
File: ulasy.fd 1998/08/17 v2.2e LaTeX symbol font definitions
)
Underfull \hbox (badness 10000) in paragraph at lines 33--36
\T1/ptm/m/n/10 Serialisierungsformate, JSON, XML, ProtoBuf,
 []


Underfull \hbox (badness 10000) in paragraph at lines 33--36
\T1/ptm/m/n/10 MessagePack, Binäre Serialisierung, Nicht-
 []


Underfull \hbox (badness 10000) in paragraph at lines 33--36
\T1/ptm/m/n/10 binäre Serialisierung, Datenformatvergleich,
 []


Underfull \hbox (badness 10000) in paragraph at lines 45--46
\T1/ptm/m/n/10 komplexer Datenstrukturen oder Objekte in ein
 []


Underfull \hbox (badness 2521) in paragraph at lines 45--46
\T1/ptm/m/n/10 lineares Datenformat, das für die Speicherung oder
 []


Underfull \hbox (badness 4846) in paragraph at lines 45--46
\T1/ptm/m/n/10 Übertragung in verschiedenen Medien geeignet ist,
 []


Underfull \hbox (badness 2762) in paragraph at lines 45--46
\T1/ptm/m/n/10 wie beispielsweise Dateien oder Netzwerkprotokolle.
 []


Underfull \hbox (badness 10000) in paragraph at lines 45--46
\T1/ptm/m/n/10 Deserialisierung hingegen beschreibt den Vorgang,
 []


Underfull \hbox (badness 1389) in paragraph at lines 45--46
\T1/ptm/m/n/10 ursprüngliche Datenstruktur oder das objektorientierte
 []


Underfull \hbox (badness 7869) in paragraph at lines 45--46
\T1/ptm/m/n/10 Repräsentationsmodell zurückgeführt wird. Diese
 []


Underfull \hbox (badness 10000) in paragraph at lines 49--50
\T1/ptm/m/n/10 Binäre und nichtbinäre Serialisierungsformate
 []


Underfull \hbox (badness 5217) in paragraph at lines 49--50
\T1/ptm/m/n/10 zwischen Microservices oder in Anwendungen mit
 []


Underfull \hbox (badness 1389) in paragraph at lines 49--50
\T1/ptm/m/n/10 begrenzter Bandbreite. Ein Nachteil dieser Formate
 []


Underfull \hbox (badness 1028) in paragraph at lines 51--52
[]\T1/ptm/m/n/10 Nichtbinäre Formate wie XML oder JSON speichern
 []


Underfull \hbox (badness 4479) in paragraph at lines 51--52
\T1/ptm/m/n/10 Ein klarer Vorteil ist die einfache Lesbarkeit und
 []


Underfull \hbox (badness 4156) in paragraph at lines 51--52
\T1/ptm/m/n/10 Software die Inhalte direkt inspizieren und ändern
 []


Underfull \hbox (badness 5970) in paragraph at lines 51--52
\T1/ptm/m/n/10 können. Diese Eigenschaft macht sie besonders
 []


Underfull \hbox (badness 1168) in paragraph at lines 51--52
\T1/ptm/m/n/10 geeignet für Konfigurationsdateien, Datenformate, die
 []


Underfull \hbox (badness 4660) in paragraph at lines 51--52
\T1/ptm/m/n/10 und der geringeren Performanz, da diese Formate
 []


Underfull \hbox (badness 1043) in paragraph at lines 51--52
\T1/ptm/m/n/10 langsamer ist als bei binären Formaten. XML zum
 []


Underfull \hbox (badness 10000) in paragraph at lines 53--54
[]\T1/ptm/m/n/10 In Bezug auf den Einsatzbereich sind binäre
 []


Underfull \hbox (badness 10000) in paragraph at lines 53--54
\T1/ptm/m/n/10 Formate aufgrund ihrer Effizienz und hohen
 []


Underfull \hbox (badness 10000) in paragraph at lines 53--54
\T1/ptm/m/n/10 Kommunikationsprotokollen und Cloud-basierten
 []


Underfull \hbox (badness 10000) in paragraph at lines 53--54
\T1/ptm/m/n/10 Diensten weit verbreitet. Nichtbinäre Formate
 []


Underfull \hbox (badness 10000) in paragraph at lines 53--54
\T1/ptm/m/n/10 hingegen finden häufig in Bereichen Anwendung,
 []


Underfull \hbox (badness 6300) in paragraph at lines 53--54
\T1/ptm/m/n/10 in denen eine einfache Handhabung und schnelle
 []


Underfull \hbox (badness 4859) in paragraph at lines 53--54
\T1/ptm/m/n/10 Lesbarkeit durch Menschen wichtiger sind als die
 []


Underfull \hbox (badness 6825) in paragraph at lines 53--54
\T1/ptm/m/n/10 im Web oder bei einfachen Konfigurationsdateien.
 []


Underfull \hbox (badness 1297) in paragraph at lines 53--54
\T1/ptm/m/n/10 Speicheroptimierung bieten, sind textbasierte Formate
 []


Underfull \hbox (badness 10000) in paragraph at lines 61--62
\T1/ptm/m/n/10 Jedes Serialisierungsformat hat ein unteres Limit
 []


Underfull \hbox (badness 10000) in paragraph at lines 61--62
\T1/ptm/m/n/10 bezüglich des benötigten Speicherplatzes eines
 []


Underfull \hbox (badness 6559) in paragraph at lines 61--62
\T1/ptm/m/n/10 serialisierten Datensatzes. Für diese Betrachtung
 []


Underfull \hbox (badness 6141) in paragraph at lines 77--78
[]\T1/ptm/m/n/10 Die aufgeführten Gröÿen sind in vielen gängigen
 []


Underfull \hbox (badness 10000) in paragraph at lines 77--78
\T1/ptm/m/n/10 Programmiersprachen vertreten (C, C++, Java,
 []


Underfull \hbox (badness 4001) in paragraph at lines 77--78
\T1/ptm/m/n/10 Rust). Bei Zeichenketten wird von einer UTF-8
 []


Underfull \hbox (badness 1960) in paragraph at lines 77--78
\T1/ptm/m/n/10 kompatiblen Implementation ausgegangen. Moderne
 []


Underfull \hbox (badness 10000) in paragraph at lines 77--78
\T1/ptm/m/n/10 Programmiersprachen unterstützen die effizientere
 []

LaTeX Font Info:    Trying to load font information for T1+pcr on input line 79.
(/usr/share/texmf-dist/tex/latex/psnfss/t1pcr.fd
File: t1pcr.fd 2001/06/04 font definitions for T1/pcr.
)
Underfull \hbox (badness 10000) in paragraph at lines 79--80
[]\T1/ptm/m/n/10 Unabhängig vom Serialisierungsformat muss
 []


Underfull \hbox (badness 3503) in paragraph at lines 79--80
\T1/ptm/m/n/10 verarbeitende Software wissen, welche Struktur die
 []


Underfull \hbox (badness 10000) in paragraph at lines 79--80
\T1/ptm/m/n/10 Syntax des Serialisierungsformats vorgegeben oder
 []


Underfull \hbox (badness 1590) in paragraph at lines 79--80
\T1/ptm/m/n/10 Da JSON ein text-basiertes, nichtbinäres Format ist,
 []


Underfull \hbox (badness 3068) in paragraph at lines 79--80
\T1/ptm/m/n/10 ersichtlich. Die Definition der Syntax von JSON
 []


Underfull \hbox (badness 1221) in paragraph at lines 79--80
\T1/ptm/m/n/10 keine solche externe Strukturdefinition verwendet, ist
 []


Underfull \hbox (badness 1939) in paragraph at lines 79--80
\T1/ptm/m/n/10 es notwendig, durch festgelegte Zeichenketten, auch
 []


Underfull \hbox (badness 6493) in paragraph at lines 79--80
\T1/ptm/m/n/10 ``Delimiter'' genannt, die Grenzen der Datenfelder
 []

[1{/var/lib/texmf/fonts/map/pdftex/updmap/pdftex.map}{/usr/share/texmf-dist/fonts/enc/dvips/base/8r.enc}


Non-PDF special ignored!
<special> papersize=210mm,297mm

]
Underfull \hbox (badness 4254) in paragraph at lines 83--84
\T1/ptm/m/n/10 effizient abgebildet, da die serialisierte bereits der
 []


Underfull \hbox (badness 2035) in paragraph at lines 83--84
\T1/ptm/m/n/10 deserialisierten Form entspricht. Angenommen, die
 []


Underfull \hbox (badness 1189) in paragraph at lines 83--84
\T1/ptm/m/n/10 Struktur wird durch eine externe Definition gegeben,
 []


Underfull \hbox (badness 10000) in paragraph at lines 83--84
\T1/ptm/m/n/10 entsteht kein Overhead im Vergleich zur nativen
 []


Underfull \hbox (badness 1910) in paragraph at lines 83--84
\T1/ptm/m/n/10 Repräsentation im Arbeitsspeicher. Allerdings kann
 []


Underfull \hbox (badness 1371) in paragraph at lines 87--88
\T1/ptm/m/n/10 Bei nichtbinären Formaten muss eine Transformation
 []


Underfull \hbox (badness 6927) in paragraph at lines 91--92
\T1/ptm/m/n/10 8, benötigen Strings keine solche Transformation,
 []


Underfull \hbox (badness 2903) in paragraph at lines 91--92
\T1/ptm/m/n/10 da sie direkt übernommen werden können. Viele
 []


Underfull \hbox (badness 2762) in paragraph at lines 91--92
\T1/ptm/m/n/10 den Anfang und das Ende des Strings anzuzeigen.
 []


Underfull \hbox (badness 2903) in paragraph at lines 91--92
\T1/ptm/m/n/10 Zusätzlich kann es notwendig sein, im Format als
 []


Underfull \hbox (badness 1424) in paragraph at lines 95--96
\T1/ptm/m/n/10 einer Gleichverteilung im Wertebereich angenommen.
 []


Underfull \hbox (badness 3333) in paragraph at lines 95--96
\T1/ptm/m/n/10 Zur Berechnung der durchschnittlichen Länge eines
 []


Underfull \hbox (badness 1852) in paragraph at lines 95--96
\T1/ptm/m/n/10 solchen Integers muss zunächst die durchschnittliche
 []


Underfull \hbox (badness 7595) in paragraph at lines 95--96
\T1/ptm/m/n/10 Anzahl der Dezimalstellen erfasst werden. Die
 []


Underfull \hbox (badness 1406) in paragraph at lines 95--96
\T1/ptm/m/n/10 Anzahl der Ganzzahlen mit n Stellen ist durch $\OT1/cmr/m/n/10 10[]$
 []


Underfull \hbox (badness 2401) in paragraph at lines 95--96
\T1/ptm/m/n/10 berücksichtigt.Folgende Tabelle zeigt die tatsächliche
 []


Overfull \hbox (46.37141pt too wide) in paragraph at lines 99--115
 [][] 
 []


Underfull \hbox (badness 2521) in paragraph at lines 117--118
[]\T1/ptm/m/n/10 Das arithmetische Mittel der Länge wird wie folgt
 []


Underfull \hbox (badness 1742) in paragraph at lines 121--122
\T1/ptm/m/n/10 Zahlen auf. Negative Zahlen werden üblicherweise
 []


Underfull \hbox (badness 5431) in paragraph at lines 123--124
\T1/ptm/m/n/10 gibt es verschiedene Merkmale, die festlegen, ab
 []


Underfull \hbox (badness 10000) in paragraph at lines 123--124
\T1/ptm/m/n/10 wann die wissenschaftliche Notation verwendet
 []


Underfull \hbox (badness 3965) in paragraph at lines 123--124
\T1/ptm/m/n/10 Zahlenraum von $\OMS/cmsy/m/n/10 ^^F\OT1/cmr/m/n/10 10[]$ \T1/ptm/m/n/10 darauf schlieÿen, dass die
 []


Underfull \hbox (badness 2689) in paragraph at lines 123--124
\T1/ptm/m/n/10 wissenschaftlichen Notation erhöhen die Anzahl der
 []

[2]
Underfull \hbox (badness 5260) in paragraph at lines 131--132
\T1/ptm/m/n/10 Zum Vergleich von Serialisierungsverfahren ist die
 []


Underfull \hbox (badness 7081) in paragraph at lines 131--132
\T1/ptm/m/n/10 Metriken wurden festgesetzt und mit Fachliteratur
 []


Underfull \hbox (badness 7722) in paragraph at lines 133--135
\T1/ptm/m/n/10 Diese Metrik misst die Zeit, die benötigt wird,
 []


Underfull \hbox (badness 5119) in paragraph at lines 133--135
\T1/ptm/m/n/10 um Datenstrukturen in ein spezifisches Format zu
 []


Underfull \hbox (badness 10000) in paragraph at lines 136--138
\T1/ptm/m/n/10 Daten zurück in ihre ursprüngliche Struktur zu
 []


Underfull \hbox (badness 3009) in paragraph at lines 136--138
\T1/ptm/m/n/10 für Anwendungen, die zügig auf gespeicherte oder
 []


Underfull \hbox (badness 5862) in paragraph at lines 139--141
\T1/ptm/m/n/10 Sie gibt das Verhältnis der Gröÿe der originalen
 []


Underfull \hbox (badness 1571) in paragraph at lines 139--141
\T1/ptm/m/n/10 Daten zur Gröÿe der serialisierten Daten an. Eine
 []


Underfull \hbox (badness 10000) in paragraph at lines 139--141
\T1/ptm/m/n/10 und die Bandbreitennutzung, was besonders in
 []


Underfull \hbox (badness 2980) in paragraph at lines 139--141
\T1/ptm/m/n/10 ressourcenbeschränkten Umgebungen von Vorteil ist.
 []


Underfull \hbox (badness 10000) in paragraph at lines 142--144
\T1/ptm/m/n/10 Hierbei wird untersucht, wie die Performance
 []


Underfull \hbox (badness 10000) in paragraph at lines 142--144
\T1/ptm/m/n/10 der Serialisierungsverfahren in verschiedenen
 []


Underfull \hbox (badness 3088) in paragraph at lines 142--144
\T1/ptm/m/n/10 Programmiersprachen variiert. Unterschiede in der
 []


Underfull \hbox (badness 10000) in paragraph at lines 142--144
\T1/ptm/m/n/10 Implementierung können signifikante Auswirkungen
 []


Underfull \hbox (badness 4013) in paragraph at lines 145--147
\T1/ptm/m/n/10 Diese qualitative Metrik bewertet, wie einfach ein
 []


Underfull \hbox (badness 3861) in paragraph at lines 145--147
\T1/ptm/m/n/10 und zu warten ist. Aspekte wie Dokumentation,
 []


Underfull \hbox (badness 10000) in paragraph at lines 145--147
\T1/ptm/m/n/10 Community-Unterstützung und die Komplexität
 []


Underfull \hbox (badness 6445) in paragraph at lines 145--147
\T1/ptm/m/n/10 der Integration spielen hierbei eine Rolle. Die
 []


Underfull \hbox (badness 10000) in paragraph at lines 145--147
\T1/ptm/m/n/10 Bewertung erfolgt durch Experteneinschätzungen
 []


Underfull \hbox (badness 10000) in paragraph at lines 148--150
\T1/ptm/m/n/10 wie CPU, Speicher und, falls relevant, auch
 []


Underfull \hbox (badness 10000) in paragraph at lines 148--150
\T1/ptm/m/n/10 Energie während der Serialisierungs- und
 []


Underfull \hbox (badness 10000) in paragraph at lines 148--150
\T1/ptm/m/n/10 Deserialisierungsprozesse. Ein effizienter
 []


Underfull \hbox (badness 10000) in paragraph at lines 148--150
\T1/ptm/m/n/10 Ressourcenverbrauch ist entscheidend, insbesondere
 []


Underfull \hbox (badness 10000) in paragraph at lines 153--154
\T1/ptm/m/n/10 Im folgenden Abschnitt wird die Auswahl der
 []


Underfull \hbox (badness 7344) in paragraph at lines 153--154
\T1/ptm/m/n/10 zu vergleichenden Formate erläutert als auch die
 []


Underfull \hbox (badness 6268) in paragraph at lines 157--158
\T1/ptm/m/n/10 Die Auswahl der Formate JSON, XML, Protocol
 []


Underfull \hbox (badness 10000) in paragraph at lines 157--158
\T1/ptm/m/n/10 Buffers und MessagePack erfolgte aufgrund ihrer
 []


Underfull \hbox (badness 1331) in paragraph at lines 157--158
\T1/ptm/m/n/10 unterschiedlichen Stärken, die jeweils auf spezifische
 []


Underfull \hbox (badness 3579) in paragraph at lines 159--160
\T1/ptm/m/n/10 breiten Unterstützung in Web-Technologien gewählt.
 []


Underfull \hbox (badness 3009) in paragraph at lines 159--160
\T1/ptm/m/n/10 Es ist ideal für Situationen, in denen menschliche
 []


Underfull \hbox (badness 3547) in paragraph at lines 159--160
\T1/ptm/m/n/10 Lesbarkeit und einfache Integration in verschiedene
 []


Underfull \hbox (badness 3250) in paragraph at lines 161--162
\T1/ptm/m/n/10 Unterstützung für strukturierte Daten gewählt. Es
 []


Underfull \hbox (badness 3942) in paragraph at lines 161--162
\T1/ptm/m/n/10 ist besonders geeignet für Anwendungen, die eine
 []


Underfull \hbox (badness 10000) in paragraph at lines 163--164
[]\T1/ptm/b/n/10 Protocol Buffers \T1/ptm/m/n/10 wurden aufgrund ihrer hohen
 []


Underfull \hbox (badness 10000) in paragraph at lines 163--164
\T1/ptm/m/n/10 zu serialisieren, ausgewählt. Sie sind ideal
 []


Underfull \hbox (badness 10000) in paragraph at lines 163--164
\T1/ptm/m/n/10 für leistungsorientierte Anwendungen, in denen
 []


Underfull \hbox (badness 10000) in paragraph at lines 163--164
\T1/ptm/m/n/10 Geschwindigkeit und geringer Speicherbedarf
 []


Underfull \hbox (badness 1024) in paragraph at lines 165--166
\T1/ptm/m/n/10 einer ausgezeichneten Wahl für ressourcenbeschränkte
 []


Underfull \hbox (badness 1983) in paragraph at lines 165--166
\T1/ptm/m/n/10 Umgebungen macht. Diese Diversität an Formaten
 []


Underfull \hbox (badness 10000) in paragraph at lines 165--166
\T1/ptm/m/n/10 ermöglicht es, verschiedene Szenarien optimal
 []


Underfull \hbox (badness 10000) in paragraph at lines 165--166
\T1/ptm/m/n/10 abzudecken, von einfacher Web-Kommunikation
 []


Underfull \hbox (badness 4713) in paragraph at lines 165--166
\T1/ptm/m/n/10 bis hin zu hochperformanten, ressourcenoptimierten
 []


Underfull \hbox (badness 10000) in paragraph at lines 169--171
\T1/ptm/b/n/10 JSON (JavaScript Object Notation) \T1/ptm/m/n/10 JSON ist
 []


Underfull \hbox (badness 10000) in paragraph at lines 169--171
\T1/ptm/m/n/10 ein textbasiertes Serialisierungsformat, das durch
 []


Underfull \hbox (badness 10000) in paragraph at lines 169--171
\T1/ptm/m/n/10 seine Einfachheit und Struktur überzeugt. Es
 []


Underfull \hbox (badness 2460) in paragraph at lines 169--171
\T1/ptm/m/n/10 speichert Daten in Form von Schlüssel-Wert-Paaren,
 []


Underfull \hbox (badness 1661) in paragraph at lines 169--171
\T1/ptm/m/n/10 Arrays und verschachtelten Objekten, die leicht von
 []


Underfull \hbox (badness 7558) in paragraph at lines 169--171
\T1/ptm/m/n/10 Maschinen verarbeitet und von Menschen gelesen
 []


Underfull \hbox (badness 2478) in paragraph at lines 169--171
\T1/ptm/m/n/10 werden können. JSON hat sich besonders in der
 []


Underfull \hbox (badness 3907) in paragraph at lines 169--171
\T1/ptm/m/n/10 unterstützt wird, was die Interoperabilität zwischen
 []


Underfull \hbox (badness 1694) in paragraph at lines 169--171
\T1/ptm/m/n/10 Frontend und Backend erleichtert. Viele Web-APIs
 []


Underfull \hbox (badness 10000) in paragraph at lines 169--171
\T1/ptm/m/n/10 auf Webanwendungen beschränkt, sondern findet
 []


Underfull \hbox (badness 10000) in paragraph at lines 169--171
\T1/ptm/m/n/10 auch in Konfigurationsdateien, Datenbanken wie
 []


Underfull \hbox (badness 10000) in paragraph at lines 169--171
\T1/ptm/m/n/10 MongoDB und bei der Interprozesskommunikation
 []


Underfull \hbox (badness 3471) in paragraph at lines 169--171
\T1/ptm/m/n/10 Fehlen einer strikten Typisierung, was in gröÿeren
 []

[3]
Underfull \hbox (badness 10000) in paragraph at lines 172--174
[]\T1/ptm/b/n/10 MessagePack \T1/ptm/m/n/10 MessagePack ist ein binäres
 []


Underfull \hbox (badness 2197) in paragraph at lines 172--174
\T1/ptm/m/n/10 Serialisierungsformat, das entwickelt wurde, um die
 []


Underfull \hbox (badness 10000) in paragraph at lines 172--174
\T1/ptm/m/n/10 Effizienz von Datenübertragungen zu maximieren.
 []


Underfull \hbox (badness 2726) in paragraph at lines 172--174
\T1/ptm/m/n/10 Im Gegensatz zu textbasierten Formaten wie JSON
 []


Underfull \hbox (badness 3746) in paragraph at lines 172--174
\T1/ptm/m/n/10 oder XML speichert MessagePack Daten in einem
 []


Underfull \hbox (badness 5563) in paragraph at lines 172--174
\T1/ptm/m/n/10 und geringerer Speichernutzung, was besonders in
 []


Underfull \hbox (badness 5652) in paragraph at lines 172--174
\T1/ptm/m/n/10 unterstützt eine Vielzahl von Datentypen, darunter
 []


Underfull \hbox (badness 2277) in paragraph at lines 172--174
\T1/ptm/m/n/10 zu kodieren, was eine schnellere Serialisierung und
 []


Underfull \hbox (badness 10000) in paragraph at lines 172--174
\T1/ptm/m/n/10 in Hochleistungsanwendungen wie Spieleservern,
 []


Underfull \hbox (badness 10000) in paragraph at lines 172--174
\T1/ptm/m/n/10 Echtzeitsystemen und IoT-Geräten. Trotz seiner
 []


Underfull \hbox (badness 6758) in paragraph at lines 172--174
\T1/ptm/m/n/10 Vorteile in Bezug auf Effizienz hat MessagePack
 []


Underfull \hbox (badness 4391) in paragraph at lines 172--174
\T1/ptm/m/n/10 keine geeigneten Werkzeuge zur Verfügung stehen.
 []


Underfull \hbox (badness 7256) in paragraph at lines 172--174
\T1/ptm/m/n/10 in bestimmten Sprachen höher sein, da spezielle
 []


Underfull \hbox (badness 3138) in paragraph at lines 172--174
\T1/ptm/m/n/10 korrekt zu verarbeiten. Dennoch ist MessagePack
 []


Underfull \hbox (badness 2435) in paragraph at lines 172--174
\T1/ptm/m/n/10 eine ausgezeichnete Wahl, wenn die Prioritäten auf
 []


Underfull \hbox (badness 1178) in paragraph at lines 175--177
[]\T1/ptm/b/n/10 XML (Extensible Markup Language) \T1/ptm/m/n/10 XML ist ein
 []


Underfull \hbox (badness 10000) in paragraph at lines 178--180
\T1/ptm/m/n/10 Serialisierungsformat, das von Google entwickelt
 []


Underfull \hbox (badness 2150) in paragraph at lines 178--180
\T1/ptm/m/n/10 wurde, um effiziente und schnelle Datenübertragung
 []


Underfull \hbox (badness 3019) in paragraph at lines 178--180
\T1/ptm/m/n/10 vordefinierte Schema-Datei (".proto"), um Daten zu
 []


Underfull \hbox (badness 10000) in paragraph at lines 187--188
\T1/ptm/m/n/10 Die Tests wurden in einem strukturierten und
 []


Underfull \hbox (badness 10000) in paragraph at lines 187--188
\T1/ptm/m/n/10 Anpassungen vorgenommen wurden, um die
 []


Underfull \hbox (badness 1728) in paragraph at lines 187--188
\T1/ptm/m/n/10 Besonderheiten der getesteten Serialisierungsverfahren
 []


Underfull \hbox (badness 1629) in paragraph at lines 187--188
\T1/ptm/m/n/10 Serialisierungs- und Deserialisierungszeiten sowie die
 []


Underfull \hbox (badness 1867) in paragraph at lines 187--188
\T1/ptm/m/n/10 resultierende Gröÿe der serialisierten Daten für jede
 []


Underfull \hbox (badness 4739) in paragraph at lines 189--190
\T1/ptm/m/n/10 sondern schrittweise verarbeitet. Die XML-Daten
 []


Underfull \hbox (badness 1946) in paragraph at lines 189--190
\T1/ptm/m/n/10 eine Datei geschrieben. Dieser Mechanismus nutzt
 []


Underfull \hbox (badness 5203) in paragraph at lines 189--190
\T1/ptm/m/n/10 des XML-Dokuments erzeugt, diese sofort ausgibt
 []


Underfull \hbox (badness 10000) in paragraph at lines 189--190
\T1/ptm/m/n/10 und sie anschlieÿend aus dem Speicher entfernt.
 []


Underfull \hbox (badness 7451) in paragraph at lines 189--190
\T1/ptm/m/n/10 Dadurch wird der Speicherbedarf unabhängig von
 []


Underfull \hbox (badness 2435) in paragraph at lines 189--190
\T1/ptm/m/n/10 Dieses Verfahren ermöglicht es, auch extrem groÿe
 []


Underfull \hbox (badness 7308) in paragraph at lines 189--190
\T1/ptm/m/n/10 Datensätze zu serialisieren, ohne den verfügbaren
 []


Underfull \hbox (badness 1087) in paragraph at lines 189--190
\T1/ptm/m/n/10 Arbeitsspeicher zu überlasten. Es bildet gleichzeitig
 []


Underfull \hbox (badness 5741) in paragraph at lines 189--190
\T1/ptm/m/n/10 typische Anwendungsfälle in realen datenintensiven
 []


Underfull \hbox (badness 1132) in paragraph at lines 189--190
\T1/ptm/m/n/10 Szenarien ab, bei denen Ressourcen effizient genutzt
 []


Underfull \hbox (badness 8189) in paragraph at lines 191--192
\T1/ptm/m/n/10 Implementierungen für jede Datensatzart. Diese
 []


Underfull \hbox (badness 10000) in paragraph at lines 191--192
\T1/ptm/m/n/10 Maÿnahme war notwendig, da eine generische
 []


Underfull \hbox (badness 5105) in paragraph at lines 191--192
\T1/ptm/m/n/10 Behandlung in Protobuf zu schlechten Ergebnissen
 []


Underfull \hbox (badness 10000) in paragraph at lines 191--192
\T1/ptm/m/n/10 widerspiegeln. Mit maÿgeschneiderten Protobuf-
 []


Underfull \hbox (badness 2126) in paragraph at lines 191--192
\T1/ptm/m/n/10 Definitionen und entsprechenden Serialisierungs- und
 []


Underfull \hbox (badness 3557) in paragraph at lines 191--192
\T1/ptm/m/n/10 Deserialisierungsfunktionen konnte eine realistischere
 []


Underfull \hbox (badness 5667) in paragraph at lines 193--194
[]\T1/ptm/m/n/10 Zusätzlich wurde die Hardwareumgebung detailliert
 []


Underfull \hbox (badness 1337) in paragraph at lines 193--194
\T1/ptm/m/n/10 beeinflussen können. Durch die Dokumentation der
 []


Underfull \hbox (badness 5696) in paragraph at lines 193--194
\T1/ptm/m/n/10 Ergebnisse gewährleistet und es können eventuelle
 []


Underfull \hbox (badness 10000) in paragraph at lines 195--196
\T1/ptm/m/n/10 Technologie und Implementierung über mehrere
 []


Underfull \hbox (badness 10000) in paragraph at lines 195--196
\T1/ptm/m/n/10 Wiederholungen durchgeführt, um statistische
 []


Underfull \hbox (badness 10000) in paragraph at lines 195--196
\T1/ptm/m/n/10 Schwankungen zu minimieren. Die Ergebnisse,
 []


Underfull \hbox (badness 1796) in paragraph at lines 195--196
\T1/ptm/m/n/10 einschlieÿlich aller gemessenen Metriken, wurden in
 []

[4]
Underfull \hbox (badness 1454) in paragraph at lines 201--202
\T1/ptm/m/n/10 XML war aufgrund seines hohen Speicherverbrauchs
 []


Underfull \hbox (badness 7433) in paragraph at lines 201--202
\T1/ptm/m/n/10 problematisch. Für einige Datensätze, wie den
 []


Underfull \hbox (badness 2435) in paragraph at lines 201--202
\T1/ptm/m/n/10 Serialisierung teilweise über 30 GB Arbeitsspeicher.
 []


Underfull \hbox (badness 3746) in paragraph at lines 201--202
\T1/ptm/m/n/10 Diese Anforderungen führten dazu, dass XML für
 []


Underfull \hbox (badness 1960) in paragraph at lines 203--204
\T1/ptm/m/n/10 mit sich. Die ineffiziente Datenhaltung in Python,
 []


Underfull \hbox (badness 10000) in paragraph at lines 203--204
\T1/ptm/m/n/10 kombiniert mit dessen vergleichsweise langsamer
 []


Underfull \hbox (badness 2591) in paragraph at lines 203--204
\T1/ptm/m/n/10 Programmausführungszeit, machte es notwendig, für
 []


Underfull \hbox (badness 10000) in paragraph at lines 203--204
\T1/ptm/m/n/10 zu entwickeln, um eine faire Vergleichsbasis zu
 []


Underfull \hbox (badness 10000) in paragraph at lines 203--204
\T1/ptm/m/n/10 aufgrund des hohen Sprach-Overheads erheblichen
 []


Underfull \hbox (badness 10000) in paragraph at lines 203--204
\T1/ptm/m/n/10 Ressourcenverbrauch und lange Ausführungszeiten,
 []


Underfull \hbox (badness 1009) in paragraph at lines 203--204
\T1/ptm/m/n/10 sodass Protobuf in diesen Fällen sogar von XML in
 []


Underfull \hbox (badness 1831) in paragraph at lines 205--206
[]\T1/ptm/m/n/10 Ein weiteres Problem betrifft die Limitierungen von
 []


Underfull \hbox (badness 3849) in paragraph at lines 205--206
\T1/ptm/m/n/10 von mehr als 100 Ebenen führten die zahlreichen
 []


Underfull \hbox (badness 10000) in paragraph at lines 209--210
[]\T1/ptm/m/n/10 Diese Einschränkungen zeigen die praktischen
 []


Underfull \hbox (badness 10000) in paragraph at lines 209--210
\T1/ptm/m/n/10 Herausforderungen bei der Verwendung von
 []


Underfull \hbox (badness 10000) in paragraph at lines 209--210
\T1/ptm/m/n/10 Python und bestimmten Serialisierungsformaten in
 []


Underfull \hbox (badness 10000) in paragraph at lines 209--210
\T1/ptm/m/n/10 die Bedeutung einer angepassten Implementierung
 []


Underfull \hbox (badness 10000) in paragraph at lines 209--210
\T1/ptm/m/n/10 und realistischen Bewertung der Verfahren unter
 []


Underfull \hbox (badness 1584) in paragraph at lines 217--218
\T1/ptm/m/n/10 um etwaige Implementierungsunterschiede durch eine
 []

No file SeminarBeispiel.bbl.
[5

] (./SeminarBeispiel.aux)
 ***********
LaTeX2e <2023-11-01> patch level 1
L3 programming layer <2024-02-20>
 ***********
Package rerunfilecheck Info: File `SeminarBeispiel.out' has not changed.
(rerunfilecheck)             Checksum: 7CF7F336E469A8FAEB978812BA9FC051;3478.
 ) 
Here is how much of TeX's memory you used:
 12967 strings out of 476076
 212058 string characters out of 5793775
 1949187 words of memory out of 5000000
 34876 multiletter control sequences out of 15000+600000
 601652 words of font info for 76 fonts, out of 8000000 for 9000
 14 hyphenation exceptions out of 8191
 90i,11n,93p,1631b,415s stack positions out of 10000i,1000n,20000p,200000b,200000s
</usr/share/texmf-dist/fonts/type1/public/amsfonts/cm/cmex10.pfb></usr/share/texmf-dist/fonts/type1/public/amsfonts/cm/cmmi10.pfb></usr/share/texmf-dist/fonts/type1/public/amsfonts/cm/cmmi7.pfb></usr/share/texmf-dist/fonts/type1/public/amsfonts/cm/cmr10.pfb></usr/share/texmf-dist/fonts/type1/public/amsfonts/cm/cmr7.pfb></usr/share/texmf-dist/fonts/type1/public/amsfonts/cm/cmsy10.pfb></usr/share/texmf-dist/fonts/type1/urw/courier/ucrr8a.pfb></usr/share/texmf-dist/fonts/type1/urw/helvetic/uhvb8a.pfb></usr/share/texmf-dist/fonts/type1/urw/helvetic/uhvro8a.pfb></usr/share/texmf-dist/fonts/type1/urw/times/utmb8a.pfb></usr/share/texmf-dist/fonts/type1/urw/times/utmr8a.pfb>
Output written on SeminarBeispiel.pdf (5 pages, 143962 bytes).
PDF statistics:
 170 PDF objects out of 1000 (max. 8388607)
 139 compressed objects within 2 object streams
 27 named destinations out of 1000 (max. 500000)
 153 words of extra memory for PDF output out of 10000 (max. 10000000)

